Running Suite: Grpc Suite
=========================
Random Seed: [1m1540263502[0m
Will run [1m6[0m of [1m6[0m specs

[0mgrpc[0m [90mwhen adding new address[0m 
  [1mshould store new address[0m
  [37m/Users/yunshisun/go/src/github.com/republicprotocol/xoxo-go/driver/grpc/grpc_test.go:72[0m

[91m[1m• Failure [1.111 seconds][0m
grpc
[90m/Users/yunshisun/go/src/github.com/republicprotocol/xoxo-go/driver/grpc/grpc_test.go:20[0m
  when adding new address
  [90m/Users/yunshisun/go/src/github.com/republicprotocol/xoxo-go/driver/grpc/grpc_test.go:71[0m
    [91m[1mshould store new address [It][0m
    [90m/Users/yunshisun/go/src/github.com/republicprotocol/xoxo-go/driver/grpc/grpc_test.go:72[0m

    [91mExpected
        <int>: 4
    to be >=
        <int>: 9[0m

    /Users/yunshisun/go/src/github.com/republicprotocol/xoxo-go/driver/grpc/grpc_test.go:105
[90m------------------------------[0m
[0mgrpc[0m [90mwhen adding new address[0m 
  [1mshould store new address[0m
  [37m/Users/yunshisun/go/src/github.com/republicprotocol/xoxo-go/driver/grpc/grpc_test.go:72[0m
2018/10/23 13:58:26 Total: 12 ,received : 12
2018/10/23 13:58:27 Total: 12 ,received : 12
2018/10/23 13:58:28 Total: 12 ,received : 12
2018/10/23 13:58:29 Total: 12 ,received : 9
2018/10/23 13:58:30 Total: 12 ,received : 11
2018/10/23 13:58:32 Total: 12 ,received : 12
2018/10/23 13:58:33 Total: 12 ,received : 12
2018/10/23 13:58:34 Total: 12 ,received : 10
2018/10/23 13:58:35 Total: 12 ,received : 12
2018/10/23 13:58:36 Total: 12 ,received : 11
2018/10/23 13:58:37 Total: 12 ,received : 12
2018/10/23 13:58:38 Total: 12 ,received : 12
2018/10/23 13:58:39 Total: 12 ,received : 12
2018/10/23 13:58:40 Total: 12 ,received : 12
2018/10/23 13:58:41 Total: 12 ,received : 12
2018/10/23 13:58:42 Total: 12 ,received : 10

[91m[1m• Failure [17.500 seconds][0m
grpc
[90m/Users/yunshisun/go/src/github.com/republicprotocol/xoxo-go/driver/grpc/grpc_test.go:20[0m
  when adding new address
  [90m/Users/yunshisun/go/src/github.com/republicprotocol/xoxo-go/driver/grpc/grpc_test.go:71[0m
    [91m[1mshould store new address [It][0m
    [90m/Users/yunshisun/go/src/github.com/republicprotocol/xoxo-go/driver/grpc/grpc_test.go:72[0m

    [91mExpected
        <int>: 0
    to be >=
        <int>: 9[0m

    /Users/yunshisun/go/src/github.com/republicprotocol/xoxo-go/driver/grpc/grpc_test.go:105
[90m------------------------------[0m
[0mgrpc[0m [90mwhen adding new address[0m 
  [1mshould store new address[0m
  [37m/Users/yunshisun/go/src/github.com/republicprotocol/xoxo-go/driver/grpc/grpc_test.go:72[0m
2018/10/23 13:58:44 Total: 24 ,received : 24
2018/10/23 13:58:45 Total: 24 ,received : 23
2018/10/23 13:58:46 Total: 24 ,received : 23

[91m[1m• Failure [4.244 seconds][0m
grpc
[90m/Users/yunshisun/go/src/github.com/republicprotocol/xoxo-go/driver/grpc/grpc_test.go:20[0m
  when adding new address
  [90m/Users/yunshisun/go/src/github.com/republicprotocol/xoxo-go/driver/grpc/grpc_test.go:71[0m
    [91m[1mshould store new address [It][0m
    [90m/Users/yunshisun/go/src/github.com/republicprotocol/xoxo-go/driver/grpc/grpc_test.go:72[0m

    [91mExpected
        <int>: 1
    to be >=
        <int>: 19[0m

    /Users/yunshisun/go/src/github.com/republicprotocol/xoxo-go/driver/grpc/grpc_test.go:105
[90m------------------------------[0m
[0mgrpc[0m [90mwhen adding new address[0m 
  [1mshould store new address[0m
  [37m/Users/yunshisun/go/src/github.com/republicprotocol/xoxo-go/driver/grpc/grpc_test.go:72[0m

[91m[1m• Failure [1.157 seconds][0m
grpc
[90m/Users/yunshisun/go/src/github.com/republicprotocol/xoxo-go/driver/grpc/grpc_test.go:20[0m
  when adding new address
  [90m/Users/yunshisun/go/src/github.com/republicprotocol/xoxo-go/driver/grpc/grpc_test.go:71[0m
    [91m[1mshould store new address [It][0m
    [90m/Users/yunshisun/go/src/github.com/republicprotocol/xoxo-go/driver/grpc/grpc_test.go:72[0m

    [91mExpected
        <int>: 0
    to be >=
        <int>: 19[0m

    /Users/yunshisun/go/src/github.com/republicprotocol/xoxo-go/driver/grpc/grpc_test.go:105
[90m------------------------------[0m
[0mgrpc[0m [90mwhen adding new address[0m 
  [1mshould store new address[0m
  [37m/Users/yunshisun/go/src/github.com/republicprotocol/xoxo-go/driver/grpc/grpc_test.go:72[0m
2018/10/23 13:58:49 Total: 48 ,received : 44
2018/10/23 13:58:50 Total: 48 ,received : 45
2018/10/23 13:58:51 Total: 48 ,received : 43
2018/10/23 13:58:53 Total: 48 ,received : 47
2018/10/23 13:58:54 Total: 48 ,received : 47
2018/10/23 13:58:55 Total: 48 ,received : 46

[91m[1m• Failure [7.716 seconds][0m
grpc
[90m/Users/yunshisun/go/src/github.com/republicprotocol/xoxo-go/driver/grpc/grpc_test.go:20[0m
  when adding new address
  [90m/Users/yunshisun/go/src/github.com/republicprotocol/xoxo-go/driver/grpc/grpc_test.go:71[0m
    [91m[1mshould store new address [It][0m
    [90m/Users/yunshisun/go/src/github.com/republicprotocol/xoxo-go/driver/grpc/grpc_test.go:72[0m

    [91mExpected
        <int>: 0
    to be >=
        <int>: 38[0m

    /Users/yunshisun/go/src/github.com/republicprotocol/xoxo-go/driver/grpc/grpc_test.go:105
[90m------------------------------[0m
[0mgrpc[0m [90mwhen adding new address[0m 
  [1mshould store new address[0m
  [37m/Users/yunshisun/go/src/github.com/republicprotocol/xoxo-go/driver/grpc/grpc_test.go:72[0m
2018/10/23 13:58:57 Total: 48 ,received : 45
2018/10/23 13:58:58 Total: 48 ,received : 46
2018/10/23 13:58:59 Total: 48 ,received : 46
2018/10/23 13:59:00 Total: 48 ,received : 46
2018/10/23 13:59:01 Total: 48 ,received : 44
2018/10/23 13:59:02 Total: 48 ,received : 44
2018/10/23 13:59:04 Total: 48 ,received : 46
2018/10/23 13:59:05 Total: 48 ,received : 45
2018/10/23 13:59:06 Total: 48 ,received : 45
2018/10/23 13:59:07 Total: 48 ,received : 43

[91m[1m• Failure [11.995 seconds][0m
grpc
[90m/Users/yunshisun/go/src/github.com/republicprotocol/xoxo-go/driver/grpc/grpc_test.go:20[0m
  when adding new address
  [90m/Users/yunshisun/go/src/github.com/republicprotocol/xoxo-go/driver/grpc/grpc_test.go:71[0m
    [91m[1mshould store new address [It][0m
    [90m/Users/yunshisun/go/src/github.com/republicprotocol/xoxo-go/driver/grpc/grpc_test.go:72[0m

    [91mExpected
        <int>: 0
    to be >=
        <int>: 38[0m

    /Users/yunshisun/go/src/github.com/republicprotocol/xoxo-go/driver/grpc/grpc_test.go:105
[90m------------------------------[0m


[91m[1mSummarizing 6 Failures:[0m

[91m[1m[Fail] [0m[90mgrpc [0m[0mwhen adding new address [0m[91m[1m[It] should store new address [0m
[37m/Users/yunshisun/go/src/github.com/republicprotocol/xoxo-go/driver/grpc/grpc_test.go:105[0m

[91m[1m[Fail] [0m[90mgrpc [0m[0mwhen adding new address [0m[91m[1m[It] should store new address [0m
[37m/Users/yunshisun/go/src/github.com/republicprotocol/xoxo-go/driver/grpc/grpc_test.go:105[0m

[91m[1m[Fail] [0m[90mgrpc [0m[0mwhen adding new address [0m[91m[1m[It] should store new address [0m
[37m/Users/yunshisun/go/src/github.com/republicprotocol/xoxo-go/driver/grpc/grpc_test.go:105[0m

[91m[1m[Fail] [0m[90mgrpc [0m[0mwhen adding new address [0m[91m[1m[It] should store new address [0m
[37m/Users/yunshisun/go/src/github.com/republicprotocol/xoxo-go/driver/grpc/grpc_test.go:105[0m

[91m[1m[Fail] [0m[90mgrpc [0m[0mwhen adding new address [0m[91m[1m[It] should store new address [0m
[37m/Users/yunshisun/go/src/github.com/republicprotocol/xoxo-go/driver/grpc/grpc_test.go:105[0m

[91m[1m[Fail] [0m[90mgrpc [0m[0mwhen adding new address [0m[91m[1m[It] should store new address [0m
[37m/Users/yunshisun/go/src/github.com/republicprotocol/xoxo-go/driver/grpc/grpc_test.go:105[0m

[1m[91mRan 6 of 6 Specs in 43.726 seconds[0m
[1m[91mFAIL![0m -- [32m[1m0 Passed[0m | [91m[1m6 Failed[0m | [33m[1m0 Pending[0m | [36m[1m0 Skipped[0m
--- FAIL: TestGrpc (43.73s)
FAIL

Ginkgo ran 1 suite in 45.921741551s
Test Suite Failed
Running Suite: Grpc Suite
=========================
Random Seed: [1m1540263574[0m
Will run [1m1[0m of [1m1[0m specs

[0mgrpc[0m [90mwhen adding new address[0m 
  [1mshould store new address[0m
  [37m/Users/yunshisun/go/src/github.com/republicprotocol/xoxo-go/driver/grpc/grpc_test.go:68[0m
2018/10/23 13:59:38 Total: 24 ,received : 22
2018/10/23 13:59:39 Total: 24 ,received : 22
2018/10/23 13:59:40 Total: 24 ,received : 24
2018/10/23 13:59:41 Total: 24 ,received : 23
2018/10/23 13:59:42 Total: 24 ,received : 22
2018/10/23 13:59:43 Total: 24 ,received : 23
2018/10/23 13:59:44 Total: 24 ,received : 23
2018/10/23 13:59:45 Total: 24 ,received : 21
2018/10/23 13:59:46 Total: 24 ,received : 24
2018/10/23 13:59:47 Total: 24 ,received : 21
2018/10/23 13:59:48 Total: 24 ,received : 21
2018/10/23 13:59:49 Total: 24 ,received : 22
2018/10/23 13:59:50 Total: 24 ,received : 21
2018/10/23 13:59:51 Total: 24 ,received : 24
2018/10/23 13:59:52 Total: 24 ,received : 24
2018/10/23 13:59:53 Total: 24 ,received : 22
2018/10/23 13:59:54 Total: 24 ,received : 22
2018/10/23 13:59:55 Total: 24 ,received : 22
2018/10/23 13:59:56 Total: 24 ,received : 23
2018/10/23 13:59:57 Total: 24 ,received : 24
2018/10/23 13:59:58 Total: 24 ,received : 24
2018/10/23 13:59:59 Total: 24 ,received : 24
2018/10/23 14:00:00 Total: 24 ,received : 24
2018/10/23 14:00:01 Total: 24 ,received : 24

[32m• [SLOW TEST:25.116 seconds][0m
grpc
[90m/Users/yunshisun/go/src/github.com/republicprotocol/xoxo-go/driver/grpc/grpc_test.go:20[0m
  when adding new address
  [90m/Users/yunshisun/go/src/github.com/republicprotocol/xoxo-go/driver/grpc/grpc_test.go:67[0m
    should store new address
    [90m/Users/yunshisun/go/src/github.com/republicprotocol/xoxo-go/driver/grpc/grpc_test.go:68[0m
[90m------------------------------[0m

[1m[32mRan 1 of 1 Specs in 25.117 seconds[0m
[1m[32mSUCCESS![0m -- [32m[1m1 Passed[0m | [91m[1m0 Failed[0m | [33m[1m0 Pending[0m | [36m[1m0 Skipped[0m
PASS

Ginkgo ran 1 suite in 27.524725847s
Test Suite Passed
